<?xml version="1.0" encoding="UTF-8"?>
<!-- Generated by org.testng.reporters.JUnitXMLReporter -->
<testsuite ignored="0" hostname="LPT-1189" failures="1" tests="1" name="TestonChrome" time="44.174" errors="0" timestamp="2023-05-09T19:04:55 IST">
  <testcase classname="TestCases.E2E_OrderTest" name="placeOrder" time="32.085">
    <failure type="java.lang.NumberFormatException" message="For input string: &amp;quot;₹279.00&amp;quot;">
      <![CDATA[java.lang.NumberFormatException: For input string: "₹279.00"
at java.base/jdk.internal.math.FloatingDecimal.readJavaFormatString(FloatingDecimal.java:2054)
at java.base/jdk.internal.math.FloatingDecimal.parseDouble(FloatingDecimal.java:110)
at java.base/java.lang.Double.parseDouble(Double.java:543)
at PageObject.OrderPage.dataConversion1(OrderPage.java:117)
at TestCases.E2E_OrderTest.placeOrder(E2E_OrderTest.java:97)
at java.base/java.util.ArrayList.forEach(ArrayList.java:1541)
... Removed 31 stack frames]]>
    </failure>
  </testcase> <!-- placeOrder -->
</testsuite> <!-- TestonChrome -->
