<?xml version="1.0" encoding="UTF-8"?>
<testng-results ignored="0" total="2" passed="2" failed="0" skipped="0">
  <reporter-output>
  </reporter-output>
  <suite started-at="2023-04-24T15:58:36 IST" name="Suite" finished-at="2023-04-24T15:59:28 IST" duration-ms="51846">
    <groups>
    </groups>
    <test started-at="2023-04-24T15:58:36 IST" name="Test" finished-at="2023-04-24T15:59:28 IST" duration-ms="51846">
      <class name="TestCases.E2E_OrderTest">
        <test-method is-config="true" signature="setUp(java.lang.String)[pri:0, instance:TestCases.E2E_OrderTest@1c481ff2]" started-at="2023-04-24T15:58:37 IST" name="setUp" finished-at="2023-04-24T15:58:47 IST" duration-ms="10420" status="PASS">
          <params>
            <param index="0">
              <value>
                <![CDATA[chrome]]>
              </value>
            </param>
          </params>
          <reporter-output>
          </reporter-output>
        </test-method> <!-- setUp -->
        <test-method signature="LoginFunctionality()[pri:0, instance:TestCases.E2E_OrderTest@1c481ff2]" started-at="2023-04-24T15:58:47 IST" name="LoginFunctionality" finished-at="2023-04-24T15:58:54 IST" duration-ms="6970" status="PASS">
          <reporter-output>
          </reporter-output>
        </test-method> <!-- LoginFunctionality -->
        <test-method signature="placeOrder()[pri:0, instance:TestCases.E2E_OrderTest@1c481ff2]" started-at="2023-04-24T15:58:54 IST" name="placeOrder" finished-at="2023-04-24T15:59:28 IST" duration-ms="34316" status="PASS">
          <reporter-output>
          </reporter-output>
        </test-method> <!-- placeOrder -->
      </class> <!-- TestCases.E2E_OrderTest -->
    </test> <!-- Test -->
  </suite> <!-- Suite -->
</testng-results>
